[2026-03-09 18:42:12] INITIALIZING: Clearing Port 8000 and stale networking...
[2026-03-09 18:42:13] --- PI 1: SDN CONTROLLER ONLINE ---
[2026-03-09 18:42:18] DISCOVERY: Node 10000000a4ab27c9 identified via LoRa.
[2026-03-09 18:42:18] ACTION: Sent ASSIGN:02. Pivoting to Hotspot Mode...
[2026-03-09 18:42:18] NETWORK: Executing pp.sh pivot...
[2026-03-09 18:42:18] MISSION: Relay Active. Dashboard at http://10.42.1.1:8000
[2026-03-09 18:42:18] --- MISSION LOGGING ACTIVE (Press Ctrl+C to stop) ---
[2026-03-09 18:42:39] SHUTDOWN: Stopping mission and cleaning up...
[2026-03-09 18:42:40] SHUTDOWN: Complete.
[2026-03-09 18:47:22] INITIALIZING: Clearing Port 8000 and stale networking...
[2026-03-09 18:47:22] --- PI 1: SDN CONTROLLER ONLINE ---
[2026-03-09 18:47:32] DISCOVERY: Node 10000000a4ab27c9 identified via LoRa.
[2026-03-09 18:47:32] ACTION: Sent ASSIGN:02. Pivoting to Hotspot Mode...
[2026-03-09 18:47:32] NETWORK: Executing pp.sh pivot...
[2026-03-09 18:47:37] MISSION: Relay Active. Dashboard at http://10.42.1.1:8000
[2026-03-09 18:47:37] --- MISSION LOGGING ACTIVE (Press Ctrl+C to stop) ---
[2026-03-09 18:48:57] SHUTDOWN: Stopping mission and cleaning up...
[2026-03-09 18:48:57] SHUTDOWN: Complete.
[2026-03-09 19:00:06] --- PI 1: SDN CONTROLLER ONLINE ---
[2026-03-09 19:00:15] DISCOVERY: Node 10000000a4ab27c9 identified.
[2026-03-09 19:00:15] NETWORK: Pivoting to Hotspot Mode...
[2026-03-09 19:00:21] VERIFICATION: Watching for /home/lly_pi/received_data/gatita.png...
[2026-03-09 19:01:21] TIMEOUT: File did not arrive within 60 seconds.
[2026-03-09 19:01:21] MISSION: Failed to receive file.
[2026-03-09 19:01:21] --- Press Ctrl+C to Shutdown ---
[2026-03-09 19:03:13] SHUTDOWN: Cleaning up...
[2026-03-09 19:05:21] --- PI 1: SDN CONTROLLER ONLINE ---
[2026-03-09 19:05:32] DISCOVERY: Node 10000000a4ab27c9 identified.
[2026-03-09 19:05:32] NETWORK: Pivoting to Hotspot Mode...
[2026-03-09 19:05:37] VERIFICATION: Watching for /home/lly_pi/received_data/gatita.png...
[2026-03-09 19:06:37] TIMEOUT: File did not arrive within 60 seconds.
[2026-03-09 19:06:37] MISSION: Failed to receive file.
[2026-03-09 19:06:37] --- Press Ctrl+C to Shutdown ---
[2026-03-09 19:10:14] SHUTDOWN: Cleaning up...
[2026-03-09 19:13:13] --- PI 1: SDN CONTROLLER ONLINE ---
[2026-03-09 19:13:20] DISCOVERY: Node 10000000a4ab27c9 identified.
[2026-03-09 19:13:20] NETWORK: Pivoting to Hotspot Mode...
[2026-03-09 19:13:25] VERIFICATION: Watching for /home/lly_pi/received_data/gatita.png...
[2026-03-09 19:14:25] TIMEOUT: File did not arrive within 60 seconds.
[2026-03-09 19:14:25] MISSION: Failed to receive file.
[2026-03-09 19:14:25] --- Press Ctrl+C to Shutdown ---
[2026-03-09 19:15:05] SHUTDOWN: Cleaning up...
[2026-03-09 19:18:41] --- PI 1: SDN CONTROLLER ONLINE ---
[2026-03-09 19:18:53] DISCOVERY: Node 10000000a4ab27c9 identified.
[2026-03-09 19:18:53] NETWORK: Pivoting to Hotspot Mode...
[2026-03-09 19:18:58] VERIFICATION: Watching for /home/lly_pi/received_data/gatita.png...
[2026-03-09 19:19:58] TIMEOUT: File did not arrive within 60 seconds.
[2026-03-09 19:19:58] MISSION: Failed to receive file.
[2026-03-09 19:19:58] --- Press Ctrl+C to Shutdown ---
[2026-03-09 19:20:02] SHUTDOWN: Cleaning up...
[2026-03-09 19:21:11] --- PI 1: SDN CONTROLLER ONLINE ---
[2026-03-09 19:21:17] DISCOVERY: Node 10000000a4ab27c9 identified.
[2026-03-09 19:21:17] NETWORK: Pivoting to Hotspot Mode...
[2026-03-09 19:21:23] VERIFICATION: Watching for /home/lly_pi/received_data/gatita.png...
[2026-03-09 19:22:23] TIMEOUT: File did not arrive within 60 seconds.
[2026-03-09 19:22:23] MISSION: Failed to receive file.
[2026-03-09 19:22:23] --- Press Ctrl+C to Shutdown ---
[2026-03-09 19:22:41] SHUTDOWN: Cleaning up...
[2026-03-09 19:24:27] --- PI 1: SDN CONTROLLER ONLINE ---
[2026-03-09 19:24:33] DISCOVERY: Node 10000000a4ab27c9 identified.
[2026-03-09 19:24:33] NETWORK: Pivoting to Hotspot Mode...
[2026-03-09 19:24:38] VERIFICATION: Watching for /home/lly_pi/received_data/gatita.png...
[2026-03-09 19:25:38] TIMEOUT: File did not arrive within 60 seconds.
[2026-03-09 19:25:38] MISSION: Failed to receive file.
[2026-03-09 19:25:38] --- Press Ctrl+C to Shutdown ---
[2026-03-09 19:25:43] SHUTDOWN: Cleaning up...
[2026-03-09 19:31:22] --- PI 1: SDN CONTROLLER ONLINE ---
[2026-03-09 19:31:47] DISCOVERY: Node 10000000a4ab27c9 identified.
[2026-03-09 19:31:47] NETWORK: Pivoting to Hotspot Mode...
[2026-03-09 19:31:52] VERIFICATION: Watching for /home/lly_pi/received_data/gatita.png...
[2026-03-09 19:32:52] TIMEOUT: File did not arrive within 60 seconds.
[2026-03-09 19:32:52] MISSION: Failed to receive file.
[2026-03-09 19:32:52] --- Press Ctrl+C to Shutdown ---
[2026-03-09 19:33:24] SHUTDOWN: Cleaning up...
[2026-03-09 19:33:43] --- PI 1: SDN CONTROLLER ONLINE ---
[2026-03-09 19:33:48] DISCOVERY: Node 10000000a4ab27c9 identified.
[2026-03-09 19:33:48] NETWORK: Pivoting to Hotspot Mode...
[2026-03-09 19:33:54] VERIFICATION: Watching for /home/lly_pi/received_data/gatita.png...
[2026-03-09 19:34:54] TIMEOUT: File did not arrive within 60 seconds.
[2026-03-09 19:34:54] MISSION: Failed to receive file.
[2026-03-09 19:34:54] --- Press Ctrl+C to Shutdown ---
[2026-03-09 19:35:45] SHUTDOWN: Cleaning up...
[2026-03-09 19:38:22] --- PI 1: SDN CONTROLLER ONLINE ---
[2026-03-09 19:38:28] DISCOVERY: Node 10000000a4ab27c9 identified.
[2026-03-09 19:38:28] NETWORK: Pivoting to Hotspot Mode...
[2026-03-09 19:38:34] VERIFICATION: Watching for /home/lly_pi/received_data/gatita.png...
[2026-03-09 19:38:50] SUCCESS: gatita.png received! Size: 35661 bytes.
[2026-03-09 19:38:50] MISSION: Complete. File available at http://10.42.1.1:8000
[2026-03-09 19:38:50] --- Press Ctrl+C to Shutdown ---
[2026-03-09 19:49:38] SHUTDOWN: Cleaning up...
[2026-03-09 20:12:42] --- PI 1: SDN CONTROLLER ONLINE ---
[2026-03-09 20:13:55] DISCOVERY: Node 10000000a4ab27c9 identified.
[2026-03-09 20:13:55] NETWORK: Pivoting to Hotspot Mode...
[2026-03-09 20:14:01] VERIFICATION: Watching for /home/lly_pi/received_data/gatita.png...
[2026-03-09 20:14:17] SUCCESS: gatita.png received! Size: 35661 bytes.
[2026-03-09 20:14:17] MISSION: Complete. File available at http://10.42.1.1:8000
[2026-03-09 20:14:17] --- Press Ctrl+C to Shutdown ---
[2026-03-09 20:16:09] SHUTDOWN: Cleaning up...
[2026-03-09 20:23:00] --- PI 1: SDN CONTROLLER ONLINE ---
[2026-03-09 20:23:10] DISCOVERY: Node 10000000a4ab27c9 identified.
[2026-03-09 20:23:10] NETWORK: Pivoting to Hotspot Mode...
[2026-03-09 20:23:16] VERIFICATION: Watching for /home/lly_pi/received_data/gatita.png...
[2026-03-09 20:23:32] SUCCESS: gatita.png received! Size: 35661 bytes.
[2026-03-09 20:23:32] MISSION: Complete. File available at http://10.42.1.1:8000
[2026-03-09 20:23:32] --- Press Ctrl+C to Shutdown ---
[2026-03-09 20:25:19] SHUTDOWN: Cleaning up...
[2026-03-10 18:58:04] --- PI 1: SDN CONTROLLER ONLINE ---
[2026-03-10 18:58:11] DISCOVERY: Node 10000000a4ab27c9 identified.
[2026-03-10 18:58:11] NETWORK: Pivoting to Hotspot Mode...
[2026-03-10 18:58:16] VERIFICATION: Watching for /home/lly_pi/received_data/gatita.png...
[2026-03-10 18:58:34] SUCCESS: gatita.png received! Size: 35661 bytes.
[2026-03-10 18:58:34] MISSION: Complete. File available at http://10.42.1.1:8000
[2026-03-10 18:58:34] --- Press Ctrl+C to Shutdown ---
[2026-03-10 19:04:22] SHUTDOWN: Cleaning up...
